#
# There is insufficient memory for the Java Runtime Environment to continue.
# Native memory allocation (mmap) failed to map 132120576 bytes for G1 virtual space
# Possible reasons:
#   The system is out of physical RAM or swap space
#   The process is running with CompressedOops enabled, and the Java Heap may be blocking the growth of the native heap
# Possible solutions:
#   Reduce memory load on the system
#   Increase physical memory or swap space
#   Check if swap backing store is full
#   Decrease Java heap size (-Xmx/-Xms)
#   Decrease number of Java threads
#   Decrease Java thread stack sizes (-Xss)
#   Set larger code cache with -XX:ReservedCodeCacheSize=
#   JVM is running with Unscaled Compressed Oops mode in which the Java heap is
#     placed in the first 4GB address space. The Java Heap base address is the
#     maximum limit for the native heap growth. Please use -XX:HeapBaseMinAddress
#     to set the Java Heap base and to place the Java Heap above 4GB virtual address.
# This output file may be truncated or incomplete.
#
#  Out of Memory Error (os_windows.cpp:3535), pid=69840, tid=70064
#
# JRE version:  (17.0.3.1+2) (build )
# Java VM: Java HotSpot(TM) 64-Bit Server VM (17.0.3.1+2-LTS-6, mixed mode, sharing, tiered, compressed oops, compressed class ptrs, g1 gc, windows-amd64)
# No core dump will be written. Minidumps are not enabled by default on client versions of Windows
#

---------------  S U M M A R Y ------------

Command Line: -Dfile.encoding=UTF-8 -XX:+ShowCodeDetailsInExceptionMessages br.edu.unifei.ecot12.projetofinal.App

Host: Intel(R) Core(TM) i7-7500U CPU @ 2.70GHz, 4 cores, 7G,  Windows 10 , 64 bit Build 19041 (10.0.19041.2364)
Time: Tue Dec 20 10:55:28 2022 Hora oficial do Brasil elapsed time: 0.014634 seconds (0d 0h 0m 0s)

---------------  T H R E A D  ---------------

Current thread (0x000002f14c90da60):  JavaThread "Unknown thread" [_thread_in_vm, id=70064, stack(0x000000fbefc00000,0x000000fbefd00000)]

Stack: [0x000000fbefc00000,0x000000fbefd00000]
Native frames: (J=compiled Java code, j=interpreted, Vv=VM code, C=native code)
V  [jvm.dll+0x6711ba]
V  [jvm.dll+0x7d0834]
V  [jvm.dll+0x7d1fde]
V  [jvm.dll+0x7d2643]
V  [jvm.dll+0x242c85]
V  [jvm.dll+0x66e0d9]
V  [jvm.dll+0x662a22]
V  [jvm.dll+0x300ddb]
V  [jvm.dll+0x308376]
V  [jvm.dll+0x357f7e]
V  [jvm.dll+0x3581af]
V  [jvm.dll+0x2d7ff8]
V  [jvm.dll+0x2d8f64]
V  [jvm.dll+0x7a2411]
V  [jvm.dll+0x365d01]
V  [jvm.dll+0x78187c]
V  [jvm.dll+0x3e873f]
V  [jvm.dll+0x3ea1e1]
C  [jli.dll+0x527b]
C  [ucrtbase.dll+0x21bb2]
C  [KERNEL32.DLL+0x17614]
C  [ntdll.dll+0x526a1]


---------------  P R O C E S S  ---------------

Threads class SMR info:
_java_thread_list=0x00007ff87a659858, length=0, elements={
}

Java Threads: ( => current thread )

Other Threads:
  0x000002f14c968270 GCTaskThread "GC Thread#0" [stack: 0x000000fbefd00000,0x000000fbefe00000] [id=4144]
  0x000002f14c979550 ConcurrentGCThread "G1 Main Marker" [stack: 0x000000fbefe00000,0x000000fbeff00000] [id=69464]
  0x000002f14c979f60 ConcurrentGCThread "G1 Conc#0" [stack: 0x000000fbeff00000,0x000000fbf0000000] [id=70076]

[error occurred during error reporting (printing all threads), id 0xc0000005, EXCEPTION_ACCESS_VIOLATION (0xc0000005) at pc=0x00007ff879ea89e7]

VM state: not at safepoint (not fully initialized)

VM Mutex/Monitor currently owned by a thread:  ([mutex/lock_event])
[0x000002f14c9082f0] Heap_lock - owner thread: 0x000002f14c90da60

Heap address: 0x0000000082000000, size: 2016 MB, Compressed Oops mode: 32-bit

CDS archive(s) mapped at: [0x0000000000000000-0x0000000000000000-0x0000000000000000), size 0, SharedBaseAddress: 0x0000000800000000, ArchiveRelocationMode: 0.
Narrow klass base: 0x0000000000000000, Narrow klass shift: 0, Narrow klass range: 0x0

GC Precious Log:
<Empty>

Heap:
 garbage-first heap   total 0K, used 0K [0x0000000082000000, 0x0000000100000000)
  region size 1024K, 0 young (0K), 0 survivors (0K)

[error occurred during error reporting (printing heap information), id 0xc0000005, EXCEPTION_ACCESS_VIOLATION (0xc0000005) at pc=0x00007ff87a28a629]

GC Heap History (0 events):
No events

Deoptimization events (0 events):
No events

Classes unloaded (0 events):
No events

Classes redefined (0 events):
No events

Internal exceptions (0 events):
No events

VM Operations (0 events):
No events

Events (1 events):
Event: 0.009 Loaded shared library C:\Program Files\Java\jdk-17.0.3.1\bin\java.dll


Dynamic libraries:
0x00007ff7b1ce0000 - 0x00007ff7b1cf0000 	C:\Program Files\Java\jdk-17.0.3.1\bin\javaw.exe
0x00007ff8d88b0000 - 0x00007ff8d8aa8000 	C:\WINDOWS\SYSTEM32\ntdll.dll
0x00007ff8d7660000 - 0x00007ff8d771f000 	C:\WINDOWS\System32\KERNEL32.DLL
0x00007ff8d63b0000 - 0x00007ff8d6682000 	C:\WINDOWS\System32\KERNELBASE.dll
0x00007ff8d60a0000 - 0x00007ff8d61a0000 	C:\WINDOWS\System32\ucrtbase.dll
0x00007ff8aa8c0000 - 0x00007ff8aa8d8000 	C:\Program Files\Java\jdk-17.0.3.1\bin\jli.dll
0x00007ff8aa010000 - 0x00007ff8aa02a000 	C:\Program Files\Java\jdk-17.0.3.1\bin\VCRUNTIME140.dll
0x00007ff8d6910000 - 0x00007ff8d69be000 	C:\WINDOWS\System32\ADVAPI32.dll
0x00007ff8d87d0000 - 0x00007ff8d886e000 	C:\WINDOWS\System32\msvcrt.dll
0x00007ff8d7490000 - 0x00007ff8d752c000 	C:\WINDOWS\System32\sechost.dll
0x00007ff8d6d50000 - 0x00007ff8d6e75000 	C:\WINDOWS\System32\RPCRT4.dll
0x00007ff8d85c0000 - 0x00007ff8d8761000 	C:\WINDOWS\System32\USER32.dll
0x00007ff8d6690000 - 0x00007ff8d66b2000 	C:\WINDOWS\System32\win32u.dll
0x00007ff8d7b70000 - 0x00007ff8d7b9b000 	C:\WINDOWS\System32\GDI32.dll
0x00007ff8cb2d0000 - 0x00007ff8cb56a000 	C:\WINDOWS\WinSxS\amd64_microsoft.windows.common-controls_6595b64144ccf1df_6.0.19041.1110_none_60b5254171f9507e\COMCTL32.dll
0x00007ff8d62a0000 - 0x00007ff8d63af000 	C:\WINDOWS\System32\gdi32full.dll
0x00007ff8d66c0000 - 0x00007ff8d675d000 	C:\WINDOWS\System32\msvcp_win.dll
0x00007ff8d1470000 - 0x00007ff8d147a000 	C:\WINDOWS\SYSTEM32\VERSION.dll
0x00007ff8d7ba0000 - 0x00007ff8d7bd2000 	C:\WINDOWS\System32\IMM32.DLL
0x00007ff8bb9f0000 - 0x00007ff8bb9fc000 	C:\Program Files\Java\jdk-17.0.3.1\bin\vcruntime140_1.dll
0x00007ff890f00000 - 0x00007ff890f8d000 	C:\Program Files\Java\jdk-17.0.3.1\bin\msvcp140.dll
0x00007ff879bc0000 - 0x00007ff87a780000 	C:\Program Files\Java\jdk-17.0.3.1\bin\server\jvm.dll
0x00007ff8d85b0000 - 0x00007ff8d85b8000 	C:\WINDOWS\System32\PSAPI.DLL
0x00007ff8c9820000 - 0x00007ff8c9829000 	C:\WINDOWS\SYSTEM32\WSOCK32.dll
0x00007ff8cd570000 - 0x00007ff8cd597000 	C:\WINDOWS\SYSTEM32\WINMM.dll
0x00007ff8d7be0000 - 0x00007ff8d7c4b000 	C:\WINDOWS\System32\WS2_32.dll
0x00007ff8d4a90000 - 0x00007ff8d4aa2000 	C:\WINDOWS\SYSTEM32\kernel.appcore.dll
0x00007ff8b6a00000 - 0x00007ff8b6a0a000 	C:\Program Files\Java\jdk-17.0.3.1\bin\jimage.dll
0x00007ff8d4740000 - 0x00007ff8d4924000 	C:\WINDOWS\SYSTEM32\DBGHELP.DLL
0x00007ff8cd090000 - 0x00007ff8cd0c5000 	C:\WINDOWS\SYSTEM32\dbgcore.DLL
0x00007ff8d6010000 - 0x00007ff8d6092000 	C:\WINDOWS\System32\bcryptPrimitives.dll
0x00007ff896a10000 - 0x00007ff896a35000 	C:\Program Files\Java\jdk-17.0.3.1\bin\java.dll

dbghelp: loaded successfully - version: 4.0.5 - missing functions: none
symbol engine: initialized successfully - sym options: 0x614 - pdb path: .;C:\Program Files\Java\jdk-17.0.3.1\bin;C:\WINDOWS\SYSTEM32;C:\WINDOWS\WinSxS\amd64_microsoft.windows.common-controls_6595b64144ccf1df_6.0.19041.1110_none_60b5254171f9507e;C:\Program Files\Java\jdk-17.0.3.1\bin\server

VM Arguments:
jvm_args: -Dfile.encoding=UTF-8 -XX:+ShowCodeDetailsInExceptionMessages 
java_command: br.edu.unifei.ecot12.projetofinal.App
java_class_path (initial): C:\Users\Brenno\eclipse-workspace\ecot12-projetoFinal-brenno\target\classes
Launcher Type: SUN_STANDARD

[Global flags]
     intx CICompilerCount                          = 3                                         {product} {ergonomic}
     uint ConcGCThreads                            = 1                                         {product} {ergonomic}
     uint G1ConcRefinementThreads                  = 4                                         {product} {ergonomic}
   size_t G1HeapRegionSize                         = 1048576                                   {product} {ergonomic}
    uintx GCDrainStackTargetSize                   = 64                                        {product} {ergonomic}
   size_t InitialHeapSize                          = 132120576                                 {product} {ergonomic}
   size_t MarkStackSize                            = 4194304                                   {product} {ergonomic}
   size_t MaxHeapSize                              = 2113929216                                {product} {ergonomic}
   size_t MinHeapDeltaBytes                        = 1048576                                   {product} {ergonomic}
   size_t MinHeapSize                              = 8388608                                   {product} {ergonomic}
    uintx NonNMethodCodeHeapSize                   = 5832780                                {pd product} {ergonomic}
    uintx NonProfiledCodeHeapSize                  = 122912730                              {pd product} {ergonomic}
    uintx ProfiledCodeHeapSize                     = 122912730                              {pd product} {ergonomic}
    uintx ReservedCodeCacheSize                    = 251658240                              {pd product} {ergonomic}
     bool SegmentedCodeCache                       = true                                      {product} {ergonomic}
     bool ShowCodeDetailsInExceptionMessages       = true                                   {manageable} {command line}
   size_t SoftMaxHeapSize                          = 2113929216                             {manageable} {ergonomic}
     bool UseCompressedClassPointers               = true                           {product lp64_product} {ergonomic}
     bool UseCompressedOops                        = true                           {product lp64_product} {ergonomic}
     bool UseG1GC                                  = true                                      {product} {ergonomic}
     bool UseLargePagesIndividualAllocation        = false                                  {pd product} {ergonomic}

Logging:
Log output configuration:
 #0: stdout all=warning uptime,level,tags
 #1: stderr all=off uptime,level,tags

Environment Variables:
JAVA_HOME=C:\Program Files\Eclipse Adoptium\jdk-11.0.16.101-hotspot\
PATH=C:/Program Files/Java/jdk-17.0.3.1/bin/server;C:/Program Files/Java/jdk-17.0.3.1/bin;C:\Program Files\Eclipse Adoptium\jdk-11.0.16.101-hotspot\bin;C:\ProgramData\Oracle\Java\javapath;C:\Program Files\Common Files\Oracle\Java\javapath;C:\Program Files\Haskell\bin;C:\Program Files\Haskell Platform\8.6.5\lib\extralibs\bin;C:\Program Files\Haskell Platform\8.6.5\bin;C:\Python310\Scripts\;C:\Python310\;C:\Program Files (x86)\Common Files\Intel\Shared Libraries\redist\intel64\compiler;C:\Program Files (x86)\Common Files\Oracle\Java\javapath;C:\Program Files (x86)\Common Files\Intel\Shared Files\cpp\bin\Intel64;C:\WINDOWS\system32;C:\WINDOWS;C:\WINDOWS\System32\Wbem;C:\WINDOWS\System32\WindowsPowerShell\v1.0\;C:\WINDOWS\System32\OpenSSH\;C:\Program Files (x86)\Windows Live\Shared;C:\Program Files (x86)\Intel\Intel(R) Management Engine Components\DAL;C:\Program Files\Intel\Intel(R) Management Engine Components\DAL;C:\Program Files (x86)\Analog Devices\libsmu;C:\Program Files\Analog Devices\libsmu;C:\Program Files\Git\cmd;C:\Program Files\nodejs\;C:\ProgramData\chocolatey\bin;C:\Program Files\Haskell Platform\8.6.5\mingw\bin;C:\Program Files\dotnet\;C:\Program Files\Wolfram Research\WolframScript\;C:\Users\Brenno\AppData\Roaming\cabal\bin;C:\Users\Brenno\AppData\Roaming\local\bin;C:\Users\Brenno\AppData\Local\Microsoft\WindowsApps;C:\Users\Brenno\AppData\Local\Programs\Microsoft VS Code\bin;C:\intelFPGA\20.1\modelsim_ase\win32aloem;C:\Users\Brenno\AppData\Roaming\npm;C:\Users\Brenno\.dotnet\tools;C:\intelFPGA_lite\18.0\modelsim_ase\win32aloem;C:\WINDOWS\system32;
USERNAME=Brenno
OS=Windows_NT
PROCESSOR_IDENTIFIER=Intel64 Family 6 Model 142 Stepping 9, GenuineIntel



---------------  S Y S T E M  ---------------

OS:
 Windows 10 , 64 bit Build 19041 (10.0.19041.2364)
OS uptime: 5 days 9:10 hours

CPU: total 4 (initial active 4) (2 cores per cpu, 2 threads per core) family 6 model 142 stepping 9 microcode 0xb4, cx8, cmov, fxsr, ht, mmx, 3dnowpref, sse, sse2, sse3, ssse3, sse4.1, sse4.2, popcnt, lzcnt, tsc, tscinvbit, avx, avx2, aes, erms, clmul, bmi1, bmi2, adx, fma, vzeroupper, clflush, clflushopt

Memory: 4k page, system-wide physical 8057M (506M free)
TotalPageFile size 28043M (AvailPageFile size 67M)
current process WorkingSet (physical memory assigned to process): 10M, peak: 10M
current process commit charge ("private bytes"): 51M, peak: 177M

vm_info: Java HotSpot(TM) 64-Bit Server VM (17.0.3.1+2-LTS-6) for windows-amd64 JRE (17.0.3.1+2-LTS-6), built on Apr 25 2022 22:04:21 by "mach5one" with MS VC++ 16.8 / 16.9 (VS2019)

END.
